<?xml version="1.0" encoding="UTF-8"?>
<!-- Generated by org.testng.reporters.JUnitXMLReporter -->
<testsuite hostname="DESKTOP-7RBJ4NF" ignored="0" name="Test" tests="4" failures="0" timestamp="2020-04-25T19:40:25 IST" time="94.432" errors="0">
  <testcase name="methodOneA" time="21.509" classname="PackOne.ClassOne"/>
  <testcase name="methodTwoA" time="18.792" classname="PackOne.ClassTwo"/>
  <testcase name="methodThreeA" time="33.778" classname="PackOne.ClassThree"/>
  <testcase name="methodFourA" time="20.283" classname="PackOne.ClassFour"/>
</testsuite> <!-- Test -->
